Flow report for week1milestone
Thu Mar 30 17:11:49 2017
Quartus Prime Version 16.0.0 Build 211 04/27/2016 SJ Lite Edition


---------------------
; Table of Contents ;
---------------------
  1. Legal Notice
  2. Flow Summary
  3. Flow Settings
  4. Flow Non-Default Global Settings
  5. Flow Elapsed Time
  6. Flow OS Summary
  7. Flow Log
  8. Flow Messages
  9. Flow Suppressed Messages



----------------
; Legal Notice ;
----------------
Copyright (C) 1991-2016 Altera Corporation. All rights reserved.
Your use of Altera Corporation's design tools, logic functions 
and other software and tools, and its AMPP partner logic 
functions, and any output files from any of the foregoing 
(including device programming or simulation files), and any 
associated documentation or information are expressly subject 
to the terms and conditions of the Altera Program License 
Subscription Agreement, the Altera Quartus Prime License Agreement,
the Altera MegaCore Function License Agreement, or other 
applicable license agreement, including, without limitation, 
that your use is for the sole purpose of programming logic 
devices manufactured by Altera and sold by Altera or its 
authorized distributors.  Please refer to the applicable 
agreement for further details.



+-------------------------------------------------------------------------------+
; Flow Summary                                                                  ;
+---------------------------------+---------------------------------------------+
; Flow Status                     ; Successful - Thu Mar 30 17:11:49 2017       ;
; Quartus Prime Version           ; 16.0.0 Build 211 04/27/2016 SJ Lite Edition ;
; Revision Name                   ; week1milestone                              ;
; Top-level Entity Name           ; top                                         ;
; Family                          ; Cyclone V                                   ;
; Device                          ; 5CSEMA5F31C6                                ;
; Timing Models                   ; Final                                       ;
; Logic utilization (in ALMs)     ; 360 / 32,070 ( 1 % )                        ;
; Total registers                 ; 312                                         ;
; Total pins                      ; 176 / 457 ( 39 % )                          ;
; Total virtual pins              ; 0                                           ;
; Total block memory bits         ; 57,696 / 4,065,280 ( 1 % )                  ;
; Total DSP Blocks                ; 14 / 87 ( 16 % )                            ;
; Total HSSI RX PCSs              ; 0                                           ;
; Total HSSI PMA RX Deserializers ; 0                                           ;
; Total HSSI TX PCSs              ; 0                                           ;
; Total HSSI PMA TX Serializers   ; 0                                           ;
; Total PLLs                      ; 2 / 6 ( 33 % )                              ;
; Total DLLs                      ; 0 / 4 ( 0 % )                               ;
+---------------------------------+---------------------------------------------+


+-----------------------------------------+
; Flow Settings                           ;
+-------------------+---------------------+
; Option            ; Setting             ;
+-------------------+---------------------+
; Start date & time ; 03/30/2017 17:10:01 ;
; Main task         ; Compilation         ;
; Revision Name     ; week1milestone      ;
+-------------------+---------------------+


+-----------------------------------------------------------------------------------------------------------------------------+
; Flow Non-Default Global Settings                                                                                            ;
+-------------------------------------+---------------------------------------+----------------+-------------+----------------+
; Assignment Name                     ; Value                                 ; Default Value  ; Entity Name ; Section Id     ;
+-------------------------------------+---------------------------------------+----------------+-------------+----------------+
; COMPILER_SIGNATURE_ID               ; 118796719441121.149090820150093       ; --             ; --          ; --             ;
; EDA_OUTPUT_DATA_FORMAT              ; Verilog Hdl                           ; --             ; --          ; eda_simulation ;
; EDA_SIMULATION_TOOL                 ; ModelSim-Altera (Verilog)             ; <None>         ; --          ; --             ;
; EDA_TIME_SCALE                      ; 1 ps                                  ; --             ; --          ; eda_simulation ;
; MAX_CORE_JUNCTION_TEMP              ; 85                                    ; --             ; --          ; --             ;
; MIN_CORE_JUNCTION_TEMP              ; 0                                     ; --             ; --          ; --             ;
; MISC_FILE                           ; memory_bb.v                           ; --             ; --          ; --             ;
; PARTITION_COLOR                     ; 16764057                              ; --             ; top         ; Top            ;
; PARTITION_FITTER_PRESERVATION_LEVEL ; PLACEMENT_AND_ROUTING                 ; --             ; top         ; Top            ;
; PARTITION_NETLIST_TYPE              ; SOURCE                                ; --             ; top         ; Top            ;
; POWER_BOARD_THERMAL_MODEL           ; None (CONSERVATIVE)                   ; --             ; --          ; --             ;
; POWER_PRESET_COOLING_SOLUTION       ; 23 MM HEAT SINK WITH 200 LFPM AIRFLOW ; --             ; --          ; --             ;
; PROJECT_OUTPUT_DIRECTORY            ; output_files                          ; --             ; --          ; --             ;
; TOP_LEVEL_ENTITY                    ; top                                   ; week1milestone ; --          ; --             ;
+-------------------------------------+---------------------------------------+----------------+-------------+----------------+


+-------------------------------------------------------------------------------------------------------------------------------+
; Flow Elapsed Time                                                                                                             ;
+---------------------------+--------------+-------------------------+---------------------+------------------------------------+
; Module Name               ; Elapsed Time ; Average Processors Used ; Peak Virtual Memory ; Total CPU Time (on all processors) ;
+---------------------------+--------------+-------------------------+---------------------+------------------------------------+
; Analysis & Synthesis      ; 00:00:16     ; 1.0                     ; 1302 MB             ; 00:00:21                           ;
; Fitter                    ; 00:01:03     ; 1.0                     ; 2383 MB             ; 00:01:19                           ;
; Assembler                 ; 00:00:07     ; 1.0                     ; 1219 MB             ; 00:00:06                           ;
; TimeQuest Timing Analyzer ; 00:00:12     ; 1.0                     ; 1495 MB             ; 00:00:09                           ;
; EDA Netlist Writer        ; 00:00:03     ; 1.0                     ; 1521 MB             ; 00:00:01                           ;
; Total                     ; 00:01:41     ; --                      ; --                  ; 00:01:56                           ;
+---------------------------+--------------+-------------------------+---------------------+------------------------------------+


+---------------------------------------------------------------------------------------------+
; Flow OS Summary                                                                             ;
+---------------------------+------------------+----------------+------------+----------------+
; Module Name               ; Machine Hostname ; OS Name        ; OS Version ; Processor type ;
+---------------------------+------------------+----------------+------------+----------------+
; Analysis & Synthesis      ; b3195-04         ; Ubuntu 14.04.5 ; 14         ; x86_64         ;
; Fitter                    ; b3195-04         ; Ubuntu 14.04.5 ; 14         ; x86_64         ;
; Assembler                 ; b3195-04         ; Ubuntu 14.04.5 ; 14         ; x86_64         ;
; TimeQuest Timing Analyzer ; b3195-04         ; Ubuntu 14.04.5 ; 14         ; x86_64         ;
; EDA Netlist Writer        ; b3195-04         ; Ubuntu 14.04.5 ; 14         ; x86_64         ;
+---------------------------+------------------+----------------+------------+----------------+


------------
; Flow Log ;
------------
quartus_map --read_settings_files=on --write_settings_files=off week1milestone -c week1milestone
quartus_fit --read_settings_files=off --write_settings_files=off week1milestone -c week1milestone
quartus_asm --read_settings_files=off --write_settings_files=off week1milestone -c week1milestone
quartus_sta week1milestone -c week1milestone
quartus_eda --read_settings_files=off --write_settings_files=off week1milestone -c week1milestone



